Drill report for D:/PROJETS/numeroBis/electronics/v3/v3.kicad_pcb
Created on 31/01/2019 22:51:32

Copper Layer Stackup:
    =============================================================
    L1 :  F.Cu                      front
    L2 :  B.Cu                      back


Drill file 'v3.drl' contains
    plated through holes:
    =============================================================
    T1  0,40mm  0,016"  (22 holes)
    T2  0,80mm  0,031"  (32 holes)
    T3  0,80mm  0,032"  (31 holes)
    T4  0,90mm  0,035"  (11 holes)
    T5  1,00mm  0,039"  (68 holes)
    T6  1,10mm  0,043"  (12 holes)
    T7  1,20mm  0,047"  (14 holes)
    T8  1,50mm  0,059"  (2 holes)

    Total plated holes count 192


Not plated through holes are merged with plated holes
    unplated through holes:
    =============================================================
    T9  3,70mm  0,146"  (11 holes)

    Total unplated holes count 11
